
scontrol show jobid 140946
JobId=140946 JobName=sh
   UserId=xcliu613(3054447) GroupId=jzu(6000142) MCS_label=N/A
   Priority=556411 Nice=0 Account=def-yuzou QOS=normal
   JobState=COMPLETING Reason=NonZeroExitCode Dependency=(null)
   Requeue=0 Restarts=0 BatchFlag=0 Reboot=0 ExitCode=1:0
   RunTime=00:00:50 TimeLimit=00:15:00 TimeMin=N/A
   SubmitTime=2021-04-27T20:06:13 EligibleTime=2021-04-27T20:06:13
   AccrueTime=Unknown
   StartTime=2021-04-27T20:06:13 EndTime=2021-04-27T20:07:03 Deadline=N/A
   SuspendTime=None SecsPreSuspend=0 LastSchedEval=2021-04-27T20:06:13
   Partition=compute AllocNode:Sid=mist-login01:4568
   ReqNodeList=(null) ExcNodeList=(null)
   NodeList=mist031
   BatchHost=mist031
   NumNodes=1 NumCPUs=32 NumTasks=1 CPUs/Task=1 ReqB:S:C:T=0:0:*:*
   TRES=cpu=32,mem=58800M,node=1,billing=1,gres/gpu=1
   Socks/Node=* NtasksPerN:B:S:C=0:0:*:* CoreSpec=*
   MinCPUsNode=1 MinMemoryNode=58800M MinTmpDiskNode=0
   Features=(null) DelayBoot=00:00:00
   OverSubscribe=OK Contiguous=0 Licenses=(null) Network=(null)
   Command=(null)
   WorkDir=/gpfs/fs0/scratch/j/jzu/xcliu613/failure-detection/yolov5
   Power=
   TresPerNode=gpu:1
   MailUser=xcliu613@scinet.local MailType=NONE

sacct -j 140946
       JobID    JobName    Account    Elapsed  MaxVMSize     MaxRSS  SystemCPU    UserCPU ExitCode 
------------ ---------- ---------- ---------- ---------- ---------- ---------- ---------- -------- 
140946               sh  def-yuzou   00:00:50                        00:00.242  00:01.789      1:0 
140946.exte+     extern  def-yuzou   00:00:50     83136K      5248K   00:00:00   00:00:00      0:0 
140946.0           bash  def-yuzou   00:00:47    216896K      7360K  00:00.242  00:01.788      1:0 
