
scontrol show jobid 143438
JobId=143438 JobName=script.sh
   UserId=xcliu613(3054447) GroupId=jzu(6000142) MCS_label=N/A
   Priority=164930 Nice=0 Account=def-yuzou QOS=normal
   JobState=COMPLETING Reason=None Dependency=(null)
   Requeue=0 Restarts=0 BatchFlag=1 Reboot=0 ExitCode=0:0
   RunTime=00:01:14 TimeLimit=06:00:00 TimeMin=N/A
   SubmitTime=2021-05-06T15:16:40 EligibleTime=2021-05-06T15:16:40
   AccrueTime=2021-05-06T15:16:40
   StartTime=2021-05-06T15:28:48 EndTime=2021-05-06T15:30:02 Deadline=N/A
   SuspendTime=None SecsPreSuspend=0 LastSchedEval=2021-05-06T15:28:48
   Partition=compute_full_node AllocNode:Sid=mist-login01:88558
   ReqNodeList=(null) ExcNodeList=(null)
   NodeList=mist007
   BatchHost=mist007
   NumNodes=1 NumCPUs=128 NumTasks=1 CPUs/Task=1 ReqB:S:C:T=0:0:*:*
   TRES=cpu=128,mem=366000M,node=1,billing=4,gres/gpu=4
   Socks/Node=* NtasksPerN:B:S:C=0:0:*:* CoreSpec=*
   MinCPUsNode=1 MinMemoryNode=366000M MinTmpDiskNode=0
   Features=(null) DelayBoot=00:00:00
   OverSubscribe=NO Contiguous=0 Licenses=(null) Network=(null)
   Command=/gpfs/fs0/scratch/j/jzu/xcliu613/yolov5/script.sh
   WorkDir=/gpfs/fs0/scratch/j/jzu/xcliu613/yolov5
   StdErr=/gpfs/fs0/scratch/j/jzu/xcliu613/yolov5/./outputs/%N-%J.OUT
   StdIn=/dev/null
   StdOut=/gpfs/fs0/scratch/j/jzu/xcliu613/yolov5/./outputs/%N-%J.OUT
   Power=
   TresPerNode=gpu:4
   MailUser=xcliu613@scinet.local MailType=NONE

sacct -j 143438
       JobID    JobName    Account    Elapsed  MaxVMSize     MaxRSS  SystemCPU    UserCPU ExitCode 
------------ ---------- ---------- ---------- ---------- ---------- ---------- ---------- -------- 
143438        script.sh  def-yuzou   00:01:14                        00:01.338  00:13.339      0:0 
143438.batch      batch  def-yuzou   00:01:14  81895872K   1539520K  00:01.338  00:13.339      0:0 
143438.exte+     extern  def-yuzou   00:01:14     83136K      5248K   00:00:00   00:00:00      0:0 
